<?xml version="1.0" encoding="UTF-8"?>
<!-- Generated by org.testng.reporters.JUnitReportReporter -->
<testsuite hostname="592546L2540" failures="0" tests="88" name="cs.ing.software.lab1.VehiculoTest" time="2.346" errors="0" timestamp="2021-09-15T10:08:48 COT" skipped="0">
  <testcase classname="cs.ing.software.lab1.VehiculoTest" name="PruebaEstres" time="0.030"/>
  <system-out/>
  <testcase classname="cs.ing.software.lab1.VehiculoTest" name="PruebaEstres" time="0.029"/>
  <system-out/>
  <testcase classname="cs.ing.software.lab1.VehiculoTest" name="PruebaEstres" time="0.029"/>
  <system-out/>
  <testcase classname="cs.ing.software.lab1.VehiculoTest" name="ReabCamionConTanqueVacio" time="0.001"/>
  <system-out/>
  <testcase classname="cs.ing.software.lab1.VehiculoTest" name="PruebaEstres" time="0.029"/>
  <system-out/>
  <testcase classname="cs.ing.software.lab1.VehiculoTest" name="PruebaEstres" time="0.030"/>
  <system-out/>
  <testcase classname="cs.ing.software.lab1.VehiculoTest" name="PruebaEstres" time="0.028"/>
  <system-out/>
  <testcase classname="cs.ing.software.lab1.VehiculoTest" name="PruebaEstres" time="0.030"/>
  <system-out/>
  <testcase classname="cs.ing.software.lab1.VehiculoTest" name="PruebaEstres" time="0.028"/>
  <system-out/>
  <testcase classname="cs.ing.software.lab1.VehiculoTest" name="PruebaEstres" time="0.030"/>
  <system-out/>
  <testcase classname="cs.ing.software.lab1.VehiculoTest" name="PruebaEstres" time="0.030"/>
  <system-out/>
  <testcase classname="cs.ing.software.lab1.VehiculoTest" name="PruebaEstres" time="0.030"/>
  <system-out/>
  <testcase classname="cs.ing.software.lab1.VehiculoTest" name="PruebaEstres" time="0.028"/>
  <system-out/>
  <testcase classname="cs.ing.software.lab1.VehiculoTest" name="PruebaEstres" time="0.029"/>
  <system-out/>
  <testcase classname="cs.ing.software.lab1.VehiculoTest" name="PruebaEstres" time="0.030"/>
  <system-out/>
  <testcase classname="cs.ing.software.lab1.VehiculoTest" name="PruebaEstres" time="0.028"/>
  <system-out/>
  <testcase classname="cs.ing.software.lab1.VehiculoTest" name="PruebaEstres" time="0.029"/>
  <system-out/>
  <testcase classname="cs.ing.software.lab1.VehiculoTest" name="ReaAutoConTanqueLleno" time="0.002"/>
  <system-out/>
  <testcase classname="cs.ing.software.lab1.VehiculoTest" name="PruebaEstres" time="0.029"/>
  <system-out/>
  <testcase classname="cs.ing.software.lab1.VehiculoTest" name="PruebaEstres" time="0.028"/>
  <system-out/>
  <testcase classname="cs.ing.software.lab1.VehiculoTest" name="ViajarCamion4" time="0.001"/>
  <system-out/>
  <testcase classname="cs.ing.software.lab1.VehiculoTest" name="PruebaEstres" time="0.028"/>
  <system-out/>
  <testcase classname="cs.ing.software.lab1.VehiculoTest" name="PruebaEstres" time="0.029"/>
  <system-out/>
  <testcase classname="cs.ing.software.lab1.VehiculoTest" name="PruebaEstres" time="0.030"/>
  <system-out/>
  <testcase classname="cs.ing.software.lab1.VehiculoTest" name="PruebaEstres" time="0.029"/>
  <system-out/>
  <testcase classname="cs.ing.software.lab1.VehiculoTest" name="PruebaEstres" time="0.028"/>
  <system-out/>
  <testcase classname="cs.ing.software.lab1.VehiculoTest" name="PruebaEstres" time="0.030"/>
  <system-out/>
  <testcase classname="cs.ing.software.lab1.VehiculoTest" name="PruebaEstres" time="0.028"/>
  <system-out/>
  <testcase classname="cs.ing.software.lab1.VehiculoTest" name="PruebaEstres" time="0.030"/>
  <system-out/>
  <testcase classname="cs.ing.software.lab1.VehiculoTest" name="PruebaEstres" time="0.030"/>
  <system-out/>
  <testcase classname="cs.ing.software.lab1.VehiculoTest" name="PruebaEstres" time="0.027"/>
  <system-out/>
  <testcase classname="cs.ing.software.lab1.VehiculoTest" name="PruebaEstres" time="0.030"/>
  <system-out/>
  <testcase classname="cs.ing.software.lab1.VehiculoTest" name="PruebaEstres" time="0.030"/>
  <system-out/>
  <testcase classname="cs.ing.software.lab1.VehiculoTest" name="PruebaEstres" time="0.028"/>
  <system-out/>
  <testcase classname="cs.ing.software.lab1.VehiculoTest" name="PruebaEstres" time="0.028"/>
  <system-out/>
  <testcase classname="cs.ing.software.lab1.VehiculoTest" name="PruebaEstres" time="0.028"/>
  <system-out/>
  <testcase classname="cs.ing.software.lab1.VehiculoTest" name="PruebaEstres" time="0.030"/>
  <system-out/>
  <testcase classname="cs.ing.software.lab1.VehiculoTest" name="PruebaEstres" time="0.028"/>
  <system-out/>
  <testcase classname="cs.ing.software.lab1.VehiculoTest" name="PruebaEstres" time="0.029"/>
  <system-out/>
  <testcase classname="cs.ing.software.lab1.VehiculoTest" name="PruebaEstres" time="0.028"/>
  <system-out/>
  <testcase classname="cs.ing.software.lab1.VehiculoTest" name="PruebaEstres" time="0.026"/>
  <system-out/>
  <testcase classname="cs.ing.software.lab1.VehiculoTest" name="PruebaEstres" time="0.028"/>
  <system-out/>
  <testcase classname="cs.ing.software.lab1.VehiculoTest" name="PruebaEstres" time="0.028"/>
  <system-out/>
  <testcase classname="cs.ing.software.lab1.VehiculoTest" name="PruebaEstres" time="0.030"/>
  <system-out/>
  <testcase classname="cs.ing.software.lab1.VehiculoTest" name="PruebaEstres" time="0.029"/>
  <system-out/>
  <testcase classname="cs.ing.software.lab1.VehiculoTest" name="PruebaEstres" time="0.028"/>
  <system-out/>
  <testcase classname="cs.ing.software.lab1.VehiculoTest" name="PruebaEstres" time="0.028"/>
  <system-out/>
  <testcase classname="cs.ing.software.lab1.VehiculoTest" name="PruebaEstres" time="0.030"/>
  <system-out/>
  <testcase classname="cs.ing.software.lab1.VehiculoTest" name="PruebaEstres" time="0.030"/>
  <system-out/>
  <testcase classname="cs.ing.software.lab1.VehiculoTest" name="PruebaEstres" time="0.029"/>
  <system-out/>
  <testcase classname="cs.ing.software.lab1.VehiculoTest" name="PruebaEstres" time="0.030"/>
  <system-out/>
  <testcase classname="cs.ing.software.lab1.VehiculoTest" name="PruebaEstres" time="0.030"/>
  <system-out/>
  <testcase classname="cs.ing.software.lab1.VehiculoTest" name="PruebaEstres" time="0.028"/>
  <system-out/>
  <testcase classname="cs.ing.software.lab1.VehiculoTest" name="PruebaEstres" time="0.030"/>
  <system-out/>
  <testcase classname="cs.ing.software.lab1.VehiculoTest" name="ReaAutoTanqueVacio" time="0.004"/>
  <system-out/>
  <testcase classname="cs.ing.software.lab1.VehiculoTest" name="PruebaEstres" time="0.028"/>
  <system-out/>
  <testcase classname="cs.ing.software.lab1.VehiculoTest" name="PruebaEstres" time="0.030"/>
  <system-out/>
  <testcase classname="cs.ing.software.lab1.VehiculoTest" name="PruebaEstres" time="0.029"/>
  <system-out/>
  <testcase classname="cs.ing.software.lab1.VehiculoTest" name="PruebaEstres" time="0.030"/>
  <system-out/>
  <testcase classname="cs.ing.software.lab1.VehiculoTest" name="ViajarAuto4" time="0.013"/>
  <system-out/>
  <testcase classname="cs.ing.software.lab1.VehiculoTest" name="PruebaEstres" time="0.028"/>
  <system-out/>
  <testcase classname="cs.ing.software.lab1.VehiculoTest" name="PruebaEstres" time="0.030"/>
  <system-out/>
  <testcase classname="cs.ing.software.lab1.VehiculoTest" name="PruebaEstres" time="0.029"/>
  <system-out/>
  <testcase classname="cs.ing.software.lab1.VehiculoTest" name="PruebaEstres" time="0.029"/>
  <system-out/>
  <testcase classname="cs.ing.software.lab1.VehiculoTest" name="PruebaEstres" time="0.029"/>
  <system-out/>
  <testcase classname="cs.ing.software.lab1.VehiculoTest" name="PruebaEstres" time="0.028"/>
  <system-out/>
  <testcase classname="cs.ing.software.lab1.VehiculoTest" name="PruebaEstres" time="0.030"/>
  <system-out/>
  <testcase classname="cs.ing.software.lab1.VehiculoTest" name="PruebaEstres" time="0.030"/>
  <system-out/>
  <testcase classname="cs.ing.software.lab1.VehiculoTest" name="PruebaEstres" time="0.028"/>
  <system-out/>
  <testcase classname="cs.ing.software.lab1.VehiculoTest" name="PruebaEstres" time="0.030"/>
  <system-out/>
  <testcase classname="cs.ing.software.lab1.VehiculoTest" name="PruebaEstres" time="0.027"/>
  <system-out/>
  <testcase classname="cs.ing.software.lab1.VehiculoTest" name="PruebaEstres" time="0.028"/>
  <system-out/>
  <testcase classname="cs.ing.software.lab1.VehiculoTest" name="PruebaEstres" time="0.028"/>
  <system-out/>
  <testcase classname="cs.ing.software.lab1.VehiculoTest" name="PruebaEstres" time="0.028"/>
  <system-out/>
  <testcase classname="cs.ing.software.lab1.VehiculoTest" name="PruebaEstres" time="0.030"/>
  <system-out/>
  <testcase classname="cs.ing.software.lab1.VehiculoTest" name="PruebaEstres" time="0.030"/>
  <system-out/>
  <testcase classname="cs.ing.software.lab1.VehiculoTest" name="PruebaEstres" time="0.030"/>
  <system-out/>
  <testcase classname="cs.ing.software.lab1.VehiculoTest" name="ReabCamionPorVez2" time="0.000"/>
  <system-out/>
  <testcase classname="cs.ing.software.lab1.VehiculoTest" name="PruebaEstres" time="0.030"/>
  <system-out/>
  <testcase classname="cs.ing.software.lab1.VehiculoTest" name="PruebaEstres" time="0.030"/>
  <system-out/>
  <testcase classname="cs.ing.software.lab1.VehiculoTest" name="PruebaEstres" time="0.030"/>
  <system-out/>
  <testcase classname="cs.ing.software.lab1.VehiculoTest" name="ReabCamionConTanqueLleno" time="0.000"/>
  <system-out/>
  <testcase classname="cs.ing.software.lab1.VehiculoTest" name="PruebaEstres" time="0.030"/>
  <system-out/>
  <testcase classname="cs.ing.software.lab1.VehiculoTest" name="PruebaEstres" time="0.030"/>
  <system-out/>
  <testcase classname="cs.ing.software.lab1.VehiculoTest" name="PruebaEstres" time="0.029"/>
  <system-out/>
  <testcase classname="cs.ing.software.lab1.VehiculoTest" name="PruebaEstres" time="0.030"/>
  <system-out/>
  <testcase classname="cs.ing.software.lab1.VehiculoTest" name="ViajarAuto40" time="0.001"/>
  <system-out/>
  <testcase classname="cs.ing.software.lab1.VehiculoTest" name="PruebaEstres" time="0.030"/>
  <system-out/>
</testsuite> <!-- cs.ing.software.lab1.VehiculoTest -->
