<?xml version="1.0" encoding="UTF-8"?>
<!-- Generated by org.testng.reporters.JUnitReportReporter -->
<testsuite hostname="592546L2540" failures="0" tests="88" name="cs.ing.software.lab1.VehiculoTest" time="0.112" errors="0" timestamp="2021-09-14T22:27:32 COT" skipped="0">
  <testcase classname="cs.ing.software.lab1.VehiculoTest" name="ReabastecerCamionPorSegundaVez" time="0.001"/>
  <system-out/>
  <testcase classname="cs.ing.software.lab1.VehiculoTest" name="TestDeStress" time="0.000"/>
  <system-out/>
  <testcase classname="cs.ing.software.lab1.VehiculoTest" name="TestDeStress" time="0.000"/>
  <system-out/>
  <testcase classname="cs.ing.software.lab1.VehiculoTest" name="TestDeStress" time="0.001"/>
  <system-out/>
  <testcase classname="cs.ing.software.lab1.VehiculoTest" name="TestDeStress" time="0.000"/>
  <system-out/>
  <testcase classname="cs.ing.software.lab1.VehiculoTest" name="TestDeStress" time="0.001"/>
  <system-out/>
  <testcase classname="cs.ing.software.lab1.VehiculoTest" name="TestDeStress" time="0.001"/>
  <system-out/>
  <testcase classname="cs.ing.software.lab1.VehiculoTest" name="Viajar4kmEnAuto" time="0.018"/>
  <system-out/>
  <testcase classname="cs.ing.software.lab1.VehiculoTest" name="TestDeStress" time="0.001"/>
  <system-out/>
  <testcase classname="cs.ing.software.lab1.VehiculoTest" name="TestDeStress" time="0.000"/>
  <system-out/>
  <testcase classname="cs.ing.software.lab1.VehiculoTest" name="TestDeStress" time="0.001"/>
  <system-out/>
  <testcase classname="cs.ing.software.lab1.VehiculoTest" name="TestDeStress" time="0.000"/>
  <system-out/>
  <testcase classname="cs.ing.software.lab1.VehiculoTest" name="TestDeStress" time="0.000"/>
  <system-out/>
  <testcase classname="cs.ing.software.lab1.VehiculoTest" name="TestDeStress" time="0.002"/>
  <system-out/>
  <testcase classname="cs.ing.software.lab1.VehiculoTest" name="TestDeStress" time="0.000"/>
  <system-out/>
  <testcase classname="cs.ing.software.lab1.VehiculoTest" name="TestDeStress" time="0.000"/>
  <system-out/>
  <testcase classname="cs.ing.software.lab1.VehiculoTest" name="TestDeStress" time="0.001"/>
  <system-out/>
  <testcase classname="cs.ing.software.lab1.VehiculoTest" name="TestDeStress" time="0.000"/>
  <system-out/>
  <testcase classname="cs.ing.software.lab1.VehiculoTest" name="ReabastecerAutoConTanqueVacio" time="0.006"/>
  <system-out/>
  <testcase classname="cs.ing.software.lab1.VehiculoTest" name="TestDeStress" time="0.001"/>
  <system-out/>
  <testcase classname="cs.ing.software.lab1.VehiculoTest" name="TestDeStress" time="0.000"/>
  <system-out/>
  <testcase classname="cs.ing.software.lab1.VehiculoTest" name="ReabastecerAutoConTanqueLleno" time="0.036"/>
  <system-out/>
  <testcase classname="cs.ing.software.lab1.VehiculoTest" name="TestDeStress" time="0.001"/>
  <system-out/>
  <testcase classname="cs.ing.software.lab1.VehiculoTest" name="TestDeStress" time="0.000"/>
  <system-out/>
  <testcase classname="cs.ing.software.lab1.VehiculoTest" name="TestDeStress" time="0.001"/>
  <system-out/>
  <testcase classname="cs.ing.software.lab1.VehiculoTest" name="TestDeStress" time="0.000"/>
  <system-out/>
  <testcase classname="cs.ing.software.lab1.VehiculoTest" name="TestDeStress" time="0.001"/>
  <system-out/>
  <testcase classname="cs.ing.software.lab1.VehiculoTest" name="ReabastecerCamionConTanqueLleno" time="0.003"/>
  <system-out/>
  <testcase classname="cs.ing.software.lab1.VehiculoTest" name="TestDeStress" time="0.002"/>
  <system-out/>
  <testcase classname="cs.ing.software.lab1.VehiculoTest" name="TestDeStress" time="0.000"/>
  <system-out/>
  <testcase classname="cs.ing.software.lab1.VehiculoTest" name="TestDeStress" time="0.000"/>
  <system-out/>
  <testcase classname="cs.ing.software.lab1.VehiculoTest" name="TestDeStress" time="0.001"/>
  <system-out/>
  <testcase classname="cs.ing.software.lab1.VehiculoTest" name="TestDeStress" time="0.001"/>
  <system-out/>
  <testcase classname="cs.ing.software.lab1.VehiculoTest" name="Viajar4kmEnCamion" time="0.001"/>
  <system-out/>
  <testcase classname="cs.ing.software.lab1.VehiculoTest" name="TestDeStress" time="0.001"/>
  <system-out/>
  <testcase classname="cs.ing.software.lab1.VehiculoTest" name="TestDeStress" time="0.000"/>
  <system-out/>
  <testcase classname="cs.ing.software.lab1.VehiculoTest" name="TestDeStress" time="0.000"/>
  <system-out/>
  <testcase classname="cs.ing.software.lab1.VehiculoTest" name="TestDeStress" time="0.003"/>
  <system-out/>
  <testcase classname="cs.ing.software.lab1.VehiculoTest" name="TestDeStress" time="0.001"/>
  <system-out/>
  <testcase classname="cs.ing.software.lab1.VehiculoTest" name="TestDeStress" time="0.000"/>
  <system-out/>
  <testcase classname="cs.ing.software.lab1.VehiculoTest" name="TestDeStress" time="0.000"/>
  <system-out/>
  <testcase classname="cs.ing.software.lab1.VehiculoTest" name="ReabastecerCamionConTanqueVacio" time="0.001"/>
  <system-out/>
  <testcase classname="cs.ing.software.lab1.VehiculoTest" name="TestDeStress" time="0.000"/>
  <system-out/>
  <testcase classname="cs.ing.software.lab1.VehiculoTest" name="TestDeStress" time="0.000"/>
  <system-out/>
  <testcase classname="cs.ing.software.lab1.VehiculoTest" name="TestDeStress" time="0.002"/>
  <system-out/>
  <testcase classname="cs.ing.software.lab1.VehiculoTest" name="TestDeStress" time="0.001"/>
  <system-out/>
  <testcase classname="cs.ing.software.lab1.VehiculoTest" name="TestDeStress" time="0.000"/>
  <system-out/>
  <testcase classname="cs.ing.software.lab1.VehiculoTest" name="TestDeStress" time="0.001"/>
  <system-out/>
  <testcase classname="cs.ing.software.lab1.VehiculoTest" name="TestDeStress" time="0.001"/>
  <system-out/>
  <testcase classname="cs.ing.software.lab1.VehiculoTest" name="TestDeStress" time="0.000"/>
  <system-out/>
  <testcase classname="cs.ing.software.lab1.VehiculoTest" name="TestDeStress" time="0.001"/>
  <system-out/>
  <testcase classname="cs.ing.software.lab1.VehiculoTest" name="TestDeStress" time="0.001"/>
  <system-out/>
  <testcase classname="cs.ing.software.lab1.VehiculoTest" name="TestDeStress" time="0.000"/>
  <system-out/>
  <testcase classname="cs.ing.software.lab1.VehiculoTest" name="TestDeStress" time="0.001"/>
  <system-out/>
  <testcase classname="cs.ing.software.lab1.VehiculoTest" name="TestDeStress" time="0.001"/>
  <system-out/>
  <testcase classname="cs.ing.software.lab1.VehiculoTest" name="TestDeStress" time="0.000"/>
  <system-out/>
  <testcase classname="cs.ing.software.lab1.VehiculoTest" name="TestDeStress" time="0.000"/>
  <system-out/>
  <testcase classname="cs.ing.software.lab1.VehiculoTest" name="TestDeStress" time="0.000"/>
  <system-out/>
  <testcase classname="cs.ing.software.lab1.VehiculoTest" name="TestDeStress" time="0.000"/>
  <system-out/>
  <testcase classname="cs.ing.software.lab1.VehiculoTest" name="TestDeStress" time="0.001"/>
  <system-out/>
  <testcase classname="cs.ing.software.lab1.VehiculoTest" name="TestDeStress" time="0.001"/>
  <system-out/>
  <testcase classname="cs.ing.software.lab1.VehiculoTest" name="TestDeStress" time="0.000"/>
  <system-out/>
  <testcase classname="cs.ing.software.lab1.VehiculoTest" name="TestDeStress" time="0.000"/>
  <system-out/>
  <testcase classname="cs.ing.software.lab1.VehiculoTest" name="TestDeStress" time="0.001"/>
  <system-out/>
  <testcase classname="cs.ing.software.lab1.VehiculoTest" name="TestDeStress" time="0.000"/>
  <system-out/>
  <testcase classname="cs.ing.software.lab1.VehiculoTest" name="TestDeStress" time="0.001"/>
  <system-out/>
  <testcase classname="cs.ing.software.lab1.VehiculoTest" name="TestDeStress" time="0.000"/>
  <system-out/>
  <testcase classname="cs.ing.software.lab1.VehiculoTest" name="TestDeStress" time="0.000"/>
  <system-out/>
  <testcase classname="cs.ing.software.lab1.VehiculoTest" name="TestDeStress" time="0.001"/>
  <system-out/>
  <testcase classname="cs.ing.software.lab1.VehiculoTest" name="TestDeStress" time="0.000"/>
  <system-out/>
  <testcase classname="cs.ing.software.lab1.VehiculoTest" name="TestDeStress" time="0.002"/>
  <system-out/>
  <testcase classname="cs.ing.software.lab1.VehiculoTest" name="TestDeStress" time="0.001"/>
  <system-out/>
  <testcase classname="cs.ing.software.lab1.VehiculoTest" name="TestDeStress" time="0.000"/>
  <system-out/>
  <testcase classname="cs.ing.software.lab1.VehiculoTest" name="TestDeStress" time="0.000"/>
  <system-out/>
  <testcase classname="cs.ing.software.lab1.VehiculoTest" name="TestDeStress" time="0.001"/>
  <system-out/>
  <testcase classname="cs.ing.software.lab1.VehiculoTest" name="TestDeStress" time="0.000"/>
  <system-out/>
  <testcase classname="cs.ing.software.lab1.VehiculoTest" name="Viajar40kmEnAuto" time="0.002"/>
  <system-out/>
  <testcase classname="cs.ing.software.lab1.VehiculoTest" name="TestDeStress" time="0.001"/>
  <system-out/>
  <testcase classname="cs.ing.software.lab1.VehiculoTest" name="TestDeStress" time="0.001"/>
  <system-out/>
  <testcase classname="cs.ing.software.lab1.VehiculoTest" name="TestDeStress" time="0.000"/>
  <system-out/>
  <testcase classname="cs.ing.software.lab1.VehiculoTest" name="TestDeStress" time="0.000"/>
  <system-out/>
  <testcase classname="cs.ing.software.lab1.VehiculoTest" name="TestDeStress" time="0.001"/>
  <system-out/>
  <testcase classname="cs.ing.software.lab1.VehiculoTest" name="TestDeStress" time="0.001"/>
  <system-out/>
  <testcase classname="cs.ing.software.lab1.VehiculoTest" name="TestDeStress" time="0.000"/>
  <system-out/>
  <testcase classname="cs.ing.software.lab1.VehiculoTest" name="TestDeStress" time="0.001"/>
  <system-out/>
  <testcase classname="cs.ing.software.lab1.VehiculoTest" name="TestDeStress" time="0.000"/>
  <system-out/>
  <testcase classname="cs.ing.software.lab1.VehiculoTest" name="TestDeStress" time="0.000"/>
  <system-out/>
  <testcase classname="cs.ing.software.lab1.VehiculoTest" name="TestDeStress" time="0.000"/>
  <system-out/>
</testsuite> <!-- cs.ing.software.lab1.VehiculoTest -->
